Using pre-set license
Built from '2021.3/staging' branch; Version is '2021.3.15f1 (e8e88683f834) revision 15263878'; Using compiler version '192829333'; Build Type 'Release'
OS: 'Windows 11  (10.0.22621) 64bit CoreSingleLanguage' Language: 'es' Physical Memory: 16158 MB
BatchMode: 1, IsHumanControllingUs: 0, StartBugReporterOnCrash: 0, Is64bit: 1, IsPro: 1

COMMAND LINE ARGUMENTS:
C:\Program Files\Unity\Hub\Editor\2021.3.15f1\Editor\Unity.exe
-adb2
-batchMode
-noUpm
-name
AssetImportWorker2
-projectPath
C:/Repo6/GameDev01/Cat My Fish!
-logFile
Logs/AssetImportWorker2.log
-srvPort
60161
Successfully changed project path to: C:/Repo6/GameDev01/Cat My Fish!
C:/Repo6/GameDev01/Cat My Fish!
[UnityMemory] Configuration Parameters - Can be set up in boot.config
    "memorysetup-bucket-allocator-granularity=16"
    "memorysetup-bucket-allocator-bucket-count=8"
    "memorysetup-bucket-allocator-block-size=33554432"
    "memorysetup-bucket-allocator-block-count=8"
    "memorysetup-main-allocator-block-size=16777216"
    "memorysetup-thread-allocator-block-size=16777216"
    "memorysetup-gfx-main-allocator-block-size=16777216"
    "memorysetup-gfx-thread-allocator-block-size=16777216"
    "memorysetup-cache-allocator-block-size=4194304"
    "memorysetup-typetree-allocator-block-size=2097152"
    "memorysetup-profiler-bucket-allocator-granularity=16"
    "memorysetup-profiler-bucket-allocator-bucket-count=8"
    "memorysetup-profiler-bucket-allocator-block-size=33554432"
    "memorysetup-profiler-bucket-allocator-block-count=8"
    "memorysetup-profiler-allocator-block-size=16777216"
    "memorysetup-profiler-editor-allocator-block-size=1048576"
    "memorysetup-temp-allocator-size-main=16777216"
    "memorysetup-job-temp-allocator-block-size=2097152"
    "memorysetup-job-temp-allocator-block-size-background=1048576"
    "memorysetup-job-temp-allocator-reduction-small-platforms=262144"
    "memorysetup-temp-allocator-size-background-worker=32768"
    "memorysetup-temp-allocator-size-job-worker=262144"
    "memorysetup-temp-allocator-size-preload-manager=33554432"
    "memorysetup-temp-allocator-size-nav-mesh-worker=65536"
    "memorysetup-temp-allocator-size-audio-worker=65536"
    "memorysetup-temp-allocator-size-cloud-worker=32768"
    "memorysetup-temp-allocator-size-gi-baking-worker=262144"
    "memorysetup-temp-allocator-size-gfx=262144"
Player connection [10552] Host "[IP] 192.168.1.194 [Port] 0 [Flags] 2 [Guid] 2746267706 [EditorId] 2746267706 [Version] 1048832 [Id] WindowsEditor(7,DESKTOP-UF5MQC0) [Debug] 1 [PackageName] WindowsEditor [ProjectName] Editor" joined multi-casting on [225.0.0.222:54997]...

Player connection [10552] Host "[IP] 192.168.1.194 [Port] 0 [Flags] 2 [Guid] 2746267706 [EditorId] 2746267706 [Version] 1048832 [Id] WindowsEditor(7,DESKTOP-UF5MQC0) [Debug] 1 [PackageName] WindowsEditor [ProjectName] Editor" joined alternative multi-casting on [225.0.0.222:34997]...

Refreshing native plugins compatible for Editor in 165.92 ms, found 5 plugins.
Preloading 0 native plugins for Editor in 0.00 ms.
Initialize engine version: 2021.3.15f1 (e8e88683f834)
[Subsystems] Discovering subsystems at path C:/Program Files/Unity/Hub/Editor/2021.3.15f1/Editor/Data/Resources/UnitySubsystems
[Subsystems] Discovering subsystems at path C:/Repo6/GameDev01/Cat My Fish!/Assets
GfxDevice: creating device client; threaded=0; jobified=0
Direct3D:
    Version:  Direct3D 11.0 [level 11.1]
    Renderer: NVIDIA GeForce RTX 3060 Laptop GPU (ID=0x2520)
    Vendor:   NVIDIA
    VRAM:     6009 MB
    Driver:   31.0.15.2879
Initialize mono
Mono path[0] = 'C:/Program Files/Unity/Hub/Editor/2021.3.15f1/Editor/Data/Managed'
Mono path[1] = 'C:/Program Files/Unity/Hub/Editor/2021.3.15f1/Editor/Data/MonoBleedingEdge/lib/mono/unityjit-win32'
Mono config path = 'C:/Program Files/Unity/Hub/Editor/2021.3.15f1/Editor/Data/MonoBleedingEdge/etc'
Using monoOptions --debugger-agent=transport=dt_socket,embedding=1,server=y,suspend=n,address=127.0.0.1:56504
Begin MonoManager ReloadAssembly
Registering precompiled unity dll's ...
Register platform support module: C:/Program Files/Unity/Hub/Editor/2021.3.15f1/Editor/Data/PlaybackEngines/WindowsStandaloneSupport/UnityEditor.WindowsStandalone.Extensions.dll
Registered in 0.007539 seconds.
Native extension for WindowsStandalone target not found
Refreshing native plugins compatible for Editor in 131.09 ms, found 5 plugins.
Preloading 0 native plugins for Editor in 0.00 ms.
Mono: successfully reloaded assembly
- Completed reload, in  0.715 seconds
Domain Reload Profiling:
	ReloadAssembly (716ms)
		BeginReloadAssembly (82ms)
			ExecutionOrderSort (0ms)
			DisableScriptedObjects (0ms)
			BackupInstance (0ms)
			ReleaseScriptingObjects (0ms)
			CreateAndSetChildDomain (1ms)
		EndReloadAssembly (515ms)
			LoadAssemblies (79ms)
			RebuildTransferFunctionScriptingTraits (0ms)
			SetupTypeCache (121ms)
			ReleaseScriptCaches (0ms)
			RebuildScriptCaches (29ms)
			SetupLoadedEditorAssemblies (309ms)
				LogAssemblyErrors (0ms)
				InitializePlatformSupportModulesInManaged (8ms)
				SetLoadedEditorAssemblies (0ms)
				RefreshPlugins (131ms)
				BeforeProcessingInitializeOnLoad (1ms)
				ProcessInitializeOnLoadAttributes (121ms)
				ProcessInitializeOnLoadMethodAttributes (48ms)
				AfterProcessingInitializeOnLoad (0ms)
				EditorAssembliesLoaded (0ms)
			ExecutionOrderSort2 (0ms)
			AwakeInstancesAfterBackupRestoration (0ms)
Platform modules already initialized, skipping
Registering precompiled user dll's ...
Registered in 0.014196 seconds.
Begin MonoManager ReloadAssembly
Symbol file LoadedFromMemory doesn't match image C:\Repo6\GameDev01\Cat My Fish!\Library\PackageCache\com.unity.visualscripting@1.7.8\Editor\VisualScripting.Core\Dependencies\DotNetZip\Unity.VisualScripting.IonicZip.dll
Symbol file LoadedFromMemory doesn't match image C:\Repo6\GameDev01\Cat My Fish!\Library\PackageCache\com.unity.visualscripting@1.7.8\Editor\VisualScripting.Core\Dependencies\YamlDotNet\Unity.VisualScripting.YamlDotNet.dll
Native extension for WindowsStandalone target not found
Refreshing native plugins compatible for Editor in 132.27 ms, found 5 plugins.
Preloading 0 native plugins for Editor in 0.00 ms.
Mono: successfully reloaded assembly
- Completed reload, in  1.533 seconds
Domain Reload Profiling:
	ReloadAssembly (1534ms)
		BeginReloadAssembly (122ms)
			ExecutionOrderSort (0ms)
			DisableScriptedObjects (6ms)
			BackupInstance (0ms)
			ReleaseScriptingObjects (0ms)
			CreateAndSetChildDomain (19ms)
		EndReloadAssembly (1282ms)
			LoadAssemblies (111ms)
			RebuildTransferFunctionScriptingTraits (0ms)
			SetupTypeCache (371ms)
			ReleaseScriptCaches (1ms)
			RebuildScriptCaches (71ms)
			SetupLoadedEditorAssemblies (691ms)
				LogAssemblyErrors (0ms)
				InitializePlatformSupportModulesInManaged (4ms)
				SetLoadedEditorAssemblies (0ms)
				RefreshPlugins (132ms)
				BeforeProcessingInitializeOnLoad (141ms)
				ProcessInitializeOnLoadAttributes (311ms)
				ProcessInitializeOnLoadMethodAttributes (94ms)
				AfterProcessingInitializeOnLoad (7ms)
				EditorAssembliesLoaded (0ms)
			ExecutionOrderSort2 (0ms)
			AwakeInstancesAfterBackupRestoration (6ms)
Platform modules already initialized, skipping
========================================================================
Worker process is ready to serve import requests
Launched and connected shader compiler UnityShaderCompiler.exe after 0.04 seconds
Refreshing native plugins compatible for Editor in 1.38 ms, found 5 plugins.
Preloading 0 native plugins for Editor in 0.00 ms.
Unloading 5591 Unused Serialized files (Serialized files now loaded: 0)
Unloading 122 unused Assets / (2.1 MB). Loaded Objects now: 5970.
Memory consumption went from 228.8 MB to 226.7 MB.
Total: 4.555600 ms (FindLiveObjects: 0.444100 ms CreateObjectMapping: 0.425900 ms MarkObjects: 3.188900 ms  DeleteObjects: 0.496200 ms)

AssetImportParameters requested are different than current active one (requested -> active):
  custom:video-decoder-ogg-theora: a1e56fd34408186e4bbccfd4996cb3dc -> 
  custom:container-muxer-webm: aa71ff27fc2769a1b78a27578f13a17b -> 
  custom:container-demuxer-webm: 4f35f7cbe854078d1ac9338744f61a02 -> 
  custom:video-encoder-webm-vp8: eb34c28f22e8b96e1ab97ce403110664 -> 
  custom:audio-encoder-webm-vorbis: bf7c407c2cedff20999df2af8eb42d56 -> 
  custom:framework-win-MediaFoundation: 216162199b28c13a410421893ffa2e32 -> 
  custom:container-demuxer-ogg: 62fdf1f143b41e24485cea50d1cbac27 -> 
  custom:video-decoder-webm-vp8: 9c59270c3fd7afecdb556c50c9e8de78 -> 
  custom:audio-decoder-ogg-vorbis: bf7c407c2cedff20999df2af8eb42d56 -> 
========================================================================
Received Import Request.
  Time since last request: 172764.843596 seconds.
  path: Assets/Modelos/Personajes/New Material.mat
  artifactKey: Guid(273a5c22ea8098544b5711306ab71a3c) Importer(815301076,1909f56bfc062723c751e8b465ee728b)
Start importing Assets/Modelos/Personajes/New Material.mat using Guid(273a5c22ea8098544b5711306ab71a3c) Importer(815301076,1909f56bfc062723c751e8b465ee728b)  -> (artifact id: 'ca171f9251bc46babdec7e06839e9d51') in 0.273197 seconds 
========================================================================
Received Import Request.
  Time since last request: 12.433417 seconds.
  path: Assets/Modelos/Personajes/FelixconRopa_UVSv002_aiStandardSurface1_Normal.1001.png
  artifactKey: Guid(ef6249459e89aa947ad23ac3d9a6353b) Importer(815301076,1909f56bfc062723c751e8b465ee728b)
Start importing Assets/Modelos/Personajes/FelixconRopa_UVSv002_aiStandardSurface1_Normal.1001.png using Guid(ef6249459e89aa947ad23ac3d9a6353b) Importer(815301076,1909f56bfc062723c751e8b465ee728b)  -> (artifact id: 'b2047744fc88eb239a59f2f791cc2e1a') in 0.034915 seconds 
========================================================================
Received Import Request.
  Time since last request: 19.152510 seconds.
  path: Assets/Modelos/Personajes/Felix.mat
  artifactKey: Guid(273a5c22ea8098544b5711306ab71a3c) Importer(815301076,1909f56bfc062723c751e8b465ee728b)
Start importing Assets/Modelos/Personajes/Felix.mat using Guid(273a5c22ea8098544b5711306ab71a3c) Importer(815301076,1909f56bfc062723c751e8b465ee728b)  -> (artifact id: '18b4f118121e1a95eea2b9ff9abf32b5') in 1.010147 seconds 
========================================================================
Received Import Request.
  Time since last request: 38.145506 seconds.
  path: Assets/Modelos/Personajes/FelixAnimacionTerminada_01.blend
  artifactKey: Guid(ca45a1a8aeff9a1478be35dadd609232) Importer(815301076,1909f56bfc062723c751e8b465ee728b)
Start importing Assets/Modelos/Personajes/FelixAnimacionTerminada_01.blend using Guid(ca45a1a8aeff9a1478be35dadd609232) Importer(815301076,1909f56bfc062723c751e8b465ee728b)  -> (artifact id: '60223c599dbd9fb14f67b758cf909317') in 0.083679 seconds 
========================================================================
Received Import Request.
  Time since last request: 144.060297 seconds.
  path: Assets/Modelos/Personajes/FelixAnimacionTerminada_01.blend
  artifactKey: Guid(ca45a1a8aeff9a1478be35dadd609232) Importer(815301076,1909f56bfc062723c751e8b465ee728b)
Start importing Assets/Modelos/Personajes/FelixAnimacionTerminada_01.blend using Guid(ca45a1a8aeff9a1478be35dadd609232) Importer(815301076,1909f56bfc062723c751e8b465ee728b)  -> (artifact id: 'b71f2d3c6064f18efc78862131c56a20') in 0.058146 seconds 
========================================================================
Received Import Request.
  Time since last request: 805.600083 seconds.
  path: Assets/Materials/Utilidad/CañaVieja_MTL.mat
  artifactKey: Guid(50577f5404924914685d522ab922e78a) Importer(815301076,1909f56bfc062723c751e8b465ee728b)
Start importing Assets/Materials/Utilidad/CañaVieja_MTL.mat using Guid(50577f5404924914685d522ab922e78a) Importer(815301076,1909f56bfc062723c751e8b465ee728b)  -> (artifact id: '1215a1694209379b99d5cc886d50a71e') in 0.021960 seconds 
========================================================================
Received Import Request.
  Time since last request: 2267.888166 seconds.
  path: Assets/Modelos/Personajes/FelixTerminade.fbx
  artifactKey: Guid(9ff176dd00ffbed4384e7305d3120a65) Importer(815301076,1909f56bfc062723c751e8b465ee728b)
Start importing Assets/Modelos/Personajes/FelixTerminade.fbx using Guid(9ff176dd00ffbed4384e7305d3120a65) Importer(815301076,1909f56bfc062723c751e8b465ee728b)  -> (artifact id: '126153920a99276b6fc912208bce8134') in 0.099851 seconds 
========================================================================
Received Import Request.
  Time since last request: 144.265661 seconds.
  path: Assets/Modelos/Personajes/FelixTerminade.fbx
  artifactKey: Guid(9ff176dd00ffbed4384e7305d3120a65) Importer(815301076,1909f56bfc062723c751e8b465ee728b)
Start importing Assets/Modelos/Personajes/FelixTerminade.fbx using Guid(9ff176dd00ffbed4384e7305d3120a65) Importer(815301076,1909f56bfc062723c751e8b465ee728b)  -> (artifact id: '48668e0db9147a10de84b1d9dd8975ed') in 0.089138 seconds 
========================================================================
Received Import Request.
  Time since last request: 14.722090 seconds.
  path: Assets/Modelos/Personajes/FelixTerminade.fbx
  artifactKey: Guid(9ff176dd00ffbed4384e7305d3120a65) Importer(815301076,1909f56bfc062723c751e8b465ee728b)
Start importing Assets/Modelos/Personajes/FelixTerminade.fbx using Guid(9ff176dd00ffbed4384e7305d3120a65) Importer(815301076,1909f56bfc062723c751e8b465ee728b)  -> (artifact id: '46ea67afc4ea94d5ba4c51589f809ecf') in 0.104139 seconds 
========================================================================
Received Import Request.
  Time since last request: 94.244487 seconds.
  path: Assets/Modelos/Personajes/FelixTerminade.fbx
  artifactKey: Guid(9ff176dd00ffbed4384e7305d3120a65) Importer(815301076,1909f56bfc062723c751e8b465ee728b)
Start importing Assets/Modelos/Personajes/FelixTerminade.fbx using Guid(9ff176dd00ffbed4384e7305d3120a65) Importer(815301076,1909f56bfc062723c751e8b465ee728b)  -> (artifact id: '331ea8b27fd11eb43d60fa86b69d029a') in 0.108816 seconds 
========================================================================
Received Import Request.
  Time since last request: 58.856614 seconds.
  path: Assets/Materials/Personajes/Felix.mat
  artifactKey: Guid(273a5c22ea8098544b5711306ab71a3c) Importer(815301076,1909f56bfc062723c751e8b465ee728b)
Start importing Assets/Materials/Personajes/Felix.mat using Guid(273a5c22ea8098544b5711306ab71a3c) Importer(815301076,1909f56bfc062723c751e8b465ee728b)  -> (artifact id: 'e2d115d147180e1e024d22ae89e58494') in 0.020276 seconds 
========================================================================
Received Import Request.
  Time since last request: 680.468569 seconds.
  path: Assets/Modelos/Personajes/FelixTerminade.fbx
  artifactKey: Guid(9ff176dd00ffbed4384e7305d3120a65) Importer(815301076,1909f56bfc062723c751e8b465ee728b)
Start importing Assets/Modelos/Personajes/FelixTerminade.fbx using Guid(9ff176dd00ffbed4384e7305d3120a65) Importer(815301076,1909f56bfc062723c751e8b465ee728b)  -> (artifact id: 'bcad00410cf800d546f7ab6929c3596e') in 0.110788 seconds 
